Using pre-set license
Built from '2020.3/staging' branch; Version is '2020.3.33f1 (915a7af8b0d5) revision 9525882'; Using compiler version '192528614'; Build Type 'Release'
OS: 'Windows 11  (10.0.22000) 64bit CoreSingleLanguage' Language: 'pt' Physical Memory: 8023 MB
BatchMode: 1, IsHumanControllingUs: 0, StartBugReporterOnCrash: 0, Is64bit: 1, IsPro: 0

COMMAND LINE ARGUMENTS:
C:\Program Files\Unity\Hub\Editor\2020.3.33f1\Editor\Unity.exe
-adb2
-batchMode
-noUpm
-name
AssetImportWorker0
-projectPath
C:/Users/gabri/Documents/Unity/StealthGame
-logFile
Logs/AssetImportWorker0.log
-srvPort
53362
Successfully changed project path to: C:/Users/gabri/Documents/Unity/StealthGame
C:/Users/gabri/Documents/Unity/StealthGame
Using Asset Import Pipeline V2.
Refreshing native plugins compatible for Editor in 46.37 ms, found 2 plugins.
Preloading 0 native plugins for Editor in 0.00 ms.
Initialize engine version: 2020.3.33f1 (915a7af8b0d5)
[Subsystems] Discovering subsystems at path C:/Program Files/Unity/Hub/Editor/2020.3.33f1/Editor/Data/Resources/UnitySubsystems
[Subsystems] Discovering subsystems at path C:/Users/gabri/Documents/Unity/StealthGame/Assets
GfxDevice: creating device client; threaded=0
Direct3D:
    Version:  Direct3D 11.0 [level 11.1]
    Renderer: NVIDIA GeForce GTX 1650 (ID=0x1f9d)
    Vendor:   
    VRAM:     3962 MB
    Driver:   30.0.15.1165
Initialize mono
Mono path[0] = 'C:/Program Files/Unity/Hub/Editor/2020.3.33f1/Editor/Data/Managed'
Mono path[1] = 'C:/Program Files/Unity/Hub/Editor/2020.3.33f1/Editor/Data/MonoBleedingEdge/lib/mono/unityjit'
Mono config path = 'C:/Program Files/Unity/Hub/Editor/2020.3.33f1/Editor/Data/MonoBleedingEdge/etc'
Using monoOptions --debugger-agent=transport=dt_socket,embedding=1,server=y,suspend=n,address=127.0.0.1:56024
Begin MonoManager ReloadAssembly
Registering precompiled unity dll's ...
Register platform support module: C:/Program Files/Unity/Hub/Editor/2020.3.33f1/Editor/Data/PlaybackEngines/WebGLSupport/UnityEditor.WebGL.Extensions.dll
Register platform support module: C:/Program Files/Unity/Hub/Editor/2020.3.33f1/Editor/Data/PlaybackEngines/WindowsStandaloneSupport/UnityEditor.WindowsStandalone.Extensions.dll
Registered in 0.003928 seconds.
Native extension for WindowsStandalone target not found
Native extension for WebGL target not found
Refreshing native plugins compatible for Editor in 57.98 ms, found 2 plugins.
Preloading 0 native plugins for Editor in 0.00 ms.
Mono: successfully reloaded assembly
- Completed reload, in  0.726 seconds
Domain Reload Profiling:
	ReloadAssembly (726ms)
		BeginReloadAssembly (94ms)
			ExecutionOrderSort (0ms)
			DisableScriptedObjects (0ms)
			BackupInstance (0ms)
			ReleaseScriptingObjects (0ms)
			CreateAndSetChildDomain (1ms)
		EndReloadAssembly (548ms)
			LoadAssemblies (92ms)
			RebuildTransferFunctionScriptingTraits (0ms)
			SetupTypeCache (194ms)
			ReleaseScriptCaches (0ms)
			RebuildScriptCaches (33ms)
			SetupLoadedEditorAssemblies (192ms)
				LogAssemblyErrors (0ms)
				InitializePlatformSupportModulesInManaged (6ms)
				SetLoadedEditorAssemblies (0ms)
				RefreshPlugins (58ms)
				BeforeProcessingInitializeOnLoad (11ms)
				ProcessInitializeOnLoadAttributes (92ms)
				ProcessInitializeOnLoadMethodAttributes (25ms)
				AfterProcessingInitializeOnLoad (0ms)
				EditorAssembliesLoaded (0ms)
			ExecutionOrderSort2 (0ms)
			AwakeInstancesAfterBackupRestoration (0ms)
Platform modules already initialized, skipping
Registering precompiled user dll's ...
Registered in 0.009847 seconds.
Begin MonoManager ReloadAssembly
Symbol file LoadedFromMemory doesn't match image C:\Users\gabri\Documents\Unity\StealthGame\Library\PackageCache\com.unity.collab-proxy@1.15.15\Lib\Editor\PlasticSCM\unityplastic.dll
Native extension for WindowsStandalone target not found
Native extension for WebGL target not found
Refreshing native plugins compatible for Editor in 41.35 ms, found 2 plugins.
Preloading 0 native plugins for Editor in 0.00 ms.
Mono: successfully reloaded assembly
- Completed reload, in  0.967 seconds
Domain Reload Profiling:
	ReloadAssembly (968ms)
		BeginReloadAssembly (156ms)
			ExecutionOrderSort (0ms)
			DisableScriptedObjects (5ms)
			BackupInstance (0ms)
			ReleaseScriptingObjects (0ms)
			CreateAndSetChildDomain (20ms)
		EndReloadAssembly (763ms)
			LoadAssemblies (132ms)
			RebuildTransferFunctionScriptingTraits (0ms)
			SetupTypeCache (254ms)
			ReleaseScriptCaches (0ms)
			RebuildScriptCaches (41ms)
			SetupLoadedEditorAssemblies (269ms)
				LogAssemblyErrors (0ms)
				InitializePlatformSupportModulesInManaged (3ms)
				SetLoadedEditorAssemblies (0ms)
				RefreshPlugins (41ms)
				BeforeProcessingInitializeOnLoad (59ms)
				ProcessInitializeOnLoadAttributes (153ms)
				ProcessInitializeOnLoadMethodAttributes (8ms)
				AfterProcessingInitializeOnLoad (4ms)
				EditorAssembliesLoaded (0ms)
			ExecutionOrderSort2 (0ms)
			AwakeInstancesAfterBackupRestoration (6ms)
Platform modules already initialized, skipping
========================================================================
Worker process is ready to serve import requests
Launched and connected shader compiler UnityShaderCompiler.exe after 0.07 seconds
Refreshing native plugins compatible for Editor in 0.73 ms, found 2 plugins.
Preloading 0 native plugins for Editor in 0.00 ms.
Unloading 2816 Unused Serialized files (Serialized files now loaded: 0)
System memory in use before: 127.3 MB.
System memory in use after: 127.5 MB.

Unloading 17 unused Assets to reduce memory usage. Loaded Objects now: 3250.
Total: 3.082100 ms (FindLiveObjects: 0.251200 ms CreateObjectMapping: 0.163000 ms MarkObjects: 2.601500 ms  DeleteObjects: 0.065400 ms)

AssetImportParameters requested are different than current active one (requested -> active):
  custom:framework-win-MediaFoundation: 216162199b28c13a410421893ffa2e32 -> 
  custom:video-decoder-ogg-theora: a1e56fd34408186e4bbccfd4996cb3dc -> 
  custom:container-muxer-webm: aa71ff27fc2769a1b78a27578f13a17b -> 
  custom:container-demuxer-webm: 4f35f7cbe854078d1ac9338744f61a02 -> 
  custom:container-demuxer-ogg: 62fdf1f143b41e24485cea50d1cbac27 -> 
  custom:video-encoder-webm-vp8: eb34c28f22e8b96e1ab97ce403110664 -> 
  custom:video-decoder-webm-vp8: 9c59270c3fd7afecdb556c50c9e8de78 -> 
  custom:audio-decoder-ogg-vorbis: bf7c407c2cedff20999df2af8eb42d56 -> 
  custom:audio-encoder-webm-vorbis: bf7c407c2cedff20999df2af8eb42d56 -> 
========================================================================
Received Import Request.
  path: Assets/Readme.asset
  artifactKey: Guid(83c2ed844a8c74b779a4c823d16594b1) Importer(815301076,1909f56bfc062723c751e8b465ee728b)
Start importing Assets/Readme.asset using Guid(83c2ed844a8c74b779a4c823d16594b1) Importer(815301076,1909f56bfc062723c751e8b465ee728b)  -> (artifact id: '8ffd2c44ffeb50c574abb5d0c4453328') in 0.046047 seconds 
========================================================================
Received Import Request.
  Time since last request: 35.937444 seconds.
  path: Assets/TutorialInfo/Scripts/Editor/ReadmeEditor.cs
  artifactKey: Guid(476cc7d7cd9874016adc216baab94a0a) Importer(815301076,1909f56bfc062723c751e8b465ee728b)
Start importing Assets/TutorialInfo/Scripts/Editor/ReadmeEditor.cs using Guid(476cc7d7cd9874016adc216baab94a0a) Importer(815301076,1909f56bfc062723c751e8b465ee728b)  -> (artifact id: 'b35ee49be89acac0ecfbe3605070bdaa') in 0.032741 seconds 
========================================================================
Received Import Request.
  Time since last request: 8.080231 seconds.
  path: Assets/Settings/ForwardRenderer.asset
  artifactKey: Guid(4a8e21d5c33334b11b34a596161b9360) Importer(815301076,1909f56bfc062723c751e8b465ee728b)
Start importing Assets/Settings/ForwardRenderer.asset using Guid(4a8e21d5c33334b11b34a596161b9360) Importer(815301076,1909f56bfc062723c751e8b465ee728b)  -> (artifact id: 'fd4bee02f0291389c3517910503f4b22') in 0.024180 seconds 
========================================================================
Received Import Request.
  Time since last request: 0.000234 seconds.
  path: Assets/Settings/SampleSceneProfile.asset
  artifactKey: Guid(10fc4df2da32a41aaa32d77bc913491c) Importer(815301076,1909f56bfc062723c751e8b465ee728b)
Start importing Assets/Settings/SampleSceneProfile.asset using Guid(10fc4df2da32a41aaa32d77bc913491c) Importer(815301076,1909f56bfc062723c751e8b465ee728b)  -> (artifact id: 'd2b3f476ab718b1cf20d183dd9addfe7') in 0.033627 seconds 
========================================================================
Received Import Request.
  Time since last request: 0.000130 seconds.
  path: Assets/Settings/UniversalRP-LowQuality.asset
  artifactKey: Guid(a31e9f9f9c9d4b9429ed0d1234e22103) Importer(815301076,1909f56bfc062723c751e8b465ee728b)
Start importing Assets/Settings/UniversalRP-LowQuality.asset using Guid(a31e9f9f9c9d4b9429ed0d1234e22103) Importer(815301076,1909f56bfc062723c751e8b465ee728b)  -> (artifact id: 'b226a0bb157262eadf686f6bb5b5f1f8') in 0.026804 seconds 
========================================================================
Received Import Request.
  Time since last request: 0.000131 seconds.
  path: Assets/Settings/UniversalRP-MediumQuality.asset
  artifactKey: Guid(d847b876476d3d6468f5dfcd34266f96) Importer(815301076,1909f56bfc062723c751e8b465ee728b)
Start importing Assets/Settings/UniversalRP-MediumQuality.asset using Guid(d847b876476d3d6468f5dfcd34266f96) Importer(815301076,1909f56bfc062723c751e8b465ee728b)  -> (artifact id: 'd421f548a6507a11f25ec3578746e9c1') in 0.023970 seconds 
========================================================================
Received Import Request.
  Time since last request: 0.000151 seconds.
  path: Assets/Settings/UniversalRP-HighQuality.asset
  artifactKey: Guid(19ba41d7c0026c3459d37c2fe90c55a0) Importer(815301076,1909f56bfc062723c751e8b465ee728b)
Start importing Assets/Settings/UniversalRP-HighQuality.asset using Guid(19ba41d7c0026c3459d37c2fe90c55a0) Importer(815301076,1909f56bfc062723c751e8b465ee728b)  -> (artifact id: '02e18c1f933b70f494440bf5e7626866') in 0.025215 seconds 
========================================================================
Received Import Request.
  Time since last request: 6.914363 seconds.
  path: Assets/Scenes
  artifactKey: Guid(ed1567f1d4b6d554bb35ed6adfcdaa9a) Importer(815301076,1909f56bfc062723c751e8b465ee728b)
Start importing Assets/Scenes using Guid(ed1567f1d4b6d554bb35ed6adfcdaa9a) Importer(815301076,1909f56bfc062723c751e8b465ee728b)  -> (artifact id: 'd5c73f7c4674b8167ef216b4dc75ba96') in 0.023513 seconds 
========================================================================
Received Import Request.
  Time since last request: 12.766314 seconds.
  path: Assets/Scenes/TestScene.unity
  artifactKey: Guid(be77d7538580a9544b8d0f88cf2ad9a6) Importer(815301076,1909f56bfc062723c751e8b465ee728b)
Start importing Assets/Scenes/TestScene.unity using Guid(be77d7538580a9544b8d0f88cf2ad9a6) Importer(815301076,1909f56bfc062723c751e8b465ee728b)  -> (artifact id: '13fc97468b0aeb6b783749fc070c6bd7') in 0.021601 seconds 
========================================================================
Received Import Request.
  Time since last request: 4.864155 seconds.
  path: Assets/Scenes/SampleScene.unity
  artifactKey: Guid(d1c3109bdb54ad54c8a2b2838528e640) Importer(815301076,1909f56bfc062723c751e8b465ee728b)
Start importing Assets/Scenes/SampleScene.unity using Guid(d1c3109bdb54ad54c8a2b2838528e640) Importer(815301076,1909f56bfc062723c751e8b465ee728b)  -> (artifact id: '73d676900a6c123c876c1d4d8b70b053') in 0.021444 seconds 
========================================================================
Received Import Request.
  Time since last request: 11.479744 seconds.
  path: Assets/Materials/Skybox_Mat.mat
  artifactKey: Guid(0ffaa0b7117ba8c47a9d05ae701d4b4d) Importer(815301076,1909f56bfc062723c751e8b465ee728b)
Start importing Assets/Materials/Skybox_Mat.mat using Guid(0ffaa0b7117ba8c47a9d05ae701d4b4d) Importer(815301076,1909f56bfc062723c751e8b465ee728b)  -> (artifact id: '4d54ab3375f41efad00566dcae11def2') in 0.195145 seconds 
========================================================================
Received Import Request.
  Time since last request: 1.922151 seconds.
  path: Assets/Presets/AudioCompressedInMemory.preset
  artifactKey: Guid(2dd802e4d37c65149922028d3e973832) Importer(815301076,1909f56bfc062723c751e8b465ee728b)
Start importing Assets/Presets/AudioCompressedInMemory.preset using Guid(2dd802e4d37c65149922028d3e973832) Importer(815301076,1909f56bfc062723c751e8b465ee728b)  -> (artifact id: 'ac4de02398cfe62c06251b0f50233ebf') in 0.024101 seconds 
========================================================================
Received Import Request.
  Time since last request: 0.000203 seconds.
  path: Assets/Presets/AudioStreaming.preset
  artifactKey: Guid(86bcce7f5575b54408aa0f3a7d321039) Importer(815301076,1909f56bfc062723c751e8b465ee728b)
Start importing Assets/Presets/AudioStreaming.preset using Guid(86bcce7f5575b54408aa0f3a7d321039) Importer(815301076,1909f56bfc062723c751e8b465ee728b)  -> (artifact id: '9982fbd60bc57b892b2c54d34a0163c0') in 0.023452 seconds 
========================================================================
Received Import Request.
  Time since last request: 0.000174 seconds.
  path: Assets/Presets/NormalTexture.preset
  artifactKey: Guid(14a57cf3b9fa1c74b884aa7e0dcf1faa) Importer(815301076,1909f56bfc062723c751e8b465ee728b)
Start importing Assets/Presets/NormalTexture.preset using Guid(14a57cf3b9fa1c74b884aa7e0dcf1faa) Importer(815301076,1909f56bfc062723c751e8b465ee728b)  -> (artifact id: '9c195482fc53bc4f53f643643f636469') in 0.026753 seconds 
========================================================================
Received Import Request.
  Time since last request: 0.000215 seconds.
  path: Assets/Presets/UtilityTexture.preset
  artifactKey: Guid(45f7b2e3c78185248b3adbb14429c2ab) Importer(815301076,1909f56bfc062723c751e8b465ee728b)
Start importing Assets/Presets/UtilityTexture.preset using Guid(45f7b2e3c78185248b3adbb14429c2ab) Importer(815301076,1909f56bfc062723c751e8b465ee728b)  -> (artifact id: 'ab9c1faeeb59b745cafa0ae79c874a42') in 0.023450 seconds 
========================================================================
Received Import Request.
  Time since last request: 9.154268 seconds.
  path: Assets/Presets/Defaults
  artifactKey: Guid(71ea82b02df99c2439e0dc8e4e1ebc24) Importer(815301076,1909f56bfc062723c751e8b465ee728b)
Start importing Assets/Presets/Defaults using Guid(71ea82b02df99c2439e0dc8e4e1ebc24) Importer(815301076,1909f56bfc062723c751e8b465ee728b)  -> (artifact id: 'a2a56981c996a89ef789297d7a3fb242') in 0.024054 seconds 
========================================================================
Received Import Request.
  Time since last request: 0.859608 seconds.
  path: Assets/Presets/Defaults/AlbedoTexture_Default.preset
  artifactKey: Guid(e8537455c6c08bd4e8bf0be3707da685) Importer(815301076,1909f56bfc062723c751e8b465ee728b)
Start importing Assets/Presets/Defaults/AlbedoTexture_Default.preset using Guid(e8537455c6c08bd4e8bf0be3707da685) Importer(815301076,1909f56bfc062723c751e8b465ee728b)  -> (artifact id: 'a39f5c6fcb9ea97bf434963b23d33ea7') in 0.022339 seconds 
========================================================================
Received Import Request.
  Time since last request: 0.000240 seconds.
  path: Assets/Presets/Defaults/AudioDecompressOnLoad.preset
  artifactKey: Guid(e7689051185d12f4298e1ebb2693a29f) Importer(815301076,1909f56bfc062723c751e8b465ee728b)
Start importing Assets/Presets/Defaults/AudioDecompressOnLoad.preset using Guid(e7689051185d12f4298e1ebb2693a29f) Importer(815301076,1909f56bfc062723c751e8b465ee728b)  -> (artifact id: '89d1cf06e67cef88edace491fed66d7e') in 0.024480 seconds 
========================================================================
Received Import Request.
  Time since last request: 0.000395 seconds.
  path: Assets/Presets/Defaults/DirectionalLight_Default.preset
  artifactKey: Guid(463065d4f17d1d94d848aa127b94dd43) Importer(815301076,1909f56bfc062723c751e8b465ee728b)
Start importing Assets/Presets/Defaults/DirectionalLight_Default.preset using Guid(463065d4f17d1d94d848aa127b94dd43) Importer(815301076,1909f56bfc062723c751e8b465ee728b)  -> (artifact id: '51a078c6ae54eb254be36a9378726b4a') in 0.025816 seconds 
========================================================================
Received Import Request.
  Time since last request: 21.727268 seconds.
  path: Assets/ExampleAssets/Models
  artifactKey: Guid(aa97895f3852bd44399ef0893bec4f5e) Importer(815301076,1909f56bfc062723c751e8b465ee728b)
Start importing Assets/ExampleAssets/Models using Guid(aa97895f3852bd44399ef0893bec4f5e) Importer(815301076,1909f56bfc062723c751e8b465ee728b)  -> (artifact id: '148bd1374e384877c948124b2b92d031') in 0.021488 seconds 
========================================================================
Received Import Request.
  Time since last request: 0.037738 seconds.
  path: Assets/ExampleAssets/Models/brush_low.fbx
  artifactKey: Guid(aed8c47425ab91f4eb06ce6fe47c3e4e) Importer(815301076,1909f56bfc062723c751e8b465ee728b)
Start importing Assets/ExampleAssets/Models/brush_low.fbx using Guid(aed8c47425ab91f4eb06ce6fe47c3e4e) Importer(815301076,1909f56bfc062723c751e8b465ee728b)  -> (artifact id: '3e9112836ff5ae65005d884998ee7751') in 0.557054 seconds 
========================================================================
Received Import Request.
  Time since last request: 0.000203 seconds.
  path: Assets/ExampleAssets/Models/hammer_low.fbx
  artifactKey: Guid(68a66fb5a71f8204a8dcb613c97d1fa8) Importer(815301076,1909f56bfc062723c751e8b465ee728b)
Start importing Assets/ExampleAssets/Models/hammer_low.fbx using Guid(68a66fb5a71f8204a8dcb613c97d1fa8) Importer(815301076,1909f56bfc062723c751e8b465ee728b)  -> (artifact id: 'a0098d2334523c92cc3d702ca4ee63b2') in 0.047761 seconds 
========================================================================
Received Import Request.
  Time since last request: 0.000116 seconds.
  path: Assets/ExampleAssets/Models/safetygoggles_low.fbx
  artifactKey: Guid(6296e48663fd7ad46b1a2af507f871cf) Importer(815301076,1909f56bfc062723c751e8b465ee728b)
Start importing Assets/ExampleAssets/Models/safetygoggles_low.fbx using Guid(6296e48663fd7ad46b1a2af507f871cf) Importer(815301076,1909f56bfc062723c751e8b465ee728b)  -> (artifact id: '4ae8946a3f99a923f7803907a8c27ead') in 0.262121 seconds 
========================================================================
Received Import Request.
  Time since last request: 0.000154 seconds.
  path: Assets/ExampleAssets/Models/Stud.fbx
  artifactKey: Guid(34624edaccd9d704a95ed404d919b492) Importer(815301076,1909f56bfc062723c751e8b465ee728b)
Start importing Assets/ExampleAssets/Models/Stud.fbx using Guid(34624edaccd9d704a95ed404d919b492) Importer(815301076,1909f56bfc062723c751e8b465ee728b)  -> (artifact id: 'fb17f227481600cbf7b05869a1581d00') in 0.061067 seconds 
========================================================================
Received Import Request.
  Time since last request: 0.000109 seconds.
  path: Assets/ExampleAssets/Models/jigsaw_low.fbx
  artifactKey: Guid(8b73e8872ca76104bbca4ee2b704a1b4) Importer(815301076,1909f56bfc062723c751e8b465ee728b)
Start importing Assets/ExampleAssets/Models/jigsaw_low.fbx using Guid(8b73e8872ca76104bbca4ee2b704a1b4) Importer(815301076,1909f56bfc062723c751e8b465ee728b)  -> (artifact id: '87b286f23ab1406b66ffa7fd117ec63a') in 0.043956 seconds 
========================================================================
Received Import Request.
  Time since last request: 0.000105 seconds.
  path: Assets/ExampleAssets/Models/magneticlevel_low.fbx
  artifactKey: Guid(bae110eee250e4b418b188f4ae4e3170) Importer(815301076,1909f56bfc062723c751e8b465ee728b)
Start importing Assets/ExampleAssets/Models/magneticlevel_low.fbx using Guid(bae110eee250e4b418b188f4ae4e3170) Importer(815301076,1909f56bfc062723c751e8b465ee728b)  -> (artifact id: 'b7daa638a4f61892d85b4e50fee1e849') in 0.056752 seconds 
========================================================================
Received Import Request.
  Time since last request: 0.000115 seconds.
  path: Assets/ExampleAssets/Models/paintbucket_low.fbx
  artifactKey: Guid(b451a052397f03c4f8a04d915d1c0492) Importer(815301076,1909f56bfc062723c751e8b465ee728b)
Start importing Assets/ExampleAssets/Models/paintbucket_low.fbx using Guid(b451a052397f03c4f8a04d915d1c0492) Importer(815301076,1909f56bfc062723c751e8b465ee728b)  -> (artifact id: '3fb120b6ed1c9690f3c18633a9ae2dd0') in 0.073404 seconds 
========================================================================
Received Import Request.
  Time since last request: 0.000107 seconds.
  path: Assets/ExampleAssets/Models/Workshop_Set.fbx
  artifactKey: Guid(47616bd0cda748d4cbedcfc908506b9d) Importer(815301076,1909f56bfc062723c751e8b465ee728b)
Start importing Assets/ExampleAssets/Models/Workshop_Set.fbx using Guid(47616bd0cda748d4cbedcfc908506b9d) Importer(815301076,1909f56bfc062723c751e8b465ee728b)  -> (artifact id: 'e07793a4d2b03e0e09167bfceb24a94b') in 0.094651 seconds 
========================================================================
Received Import Request.
  Time since last request: 0.000127 seconds.
  path: Assets/ExampleAssets/Models/ConstructionLight_Low.fbx
  artifactKey: Guid(e3ae06a3979f53046aa05330d69de1fa) Importer(815301076,1909f56bfc062723c751e8b465ee728b)
Start importing Assets/ExampleAssets/Models/ConstructionLight_Low.fbx using Guid(e3ae06a3979f53046aa05330d69de1fa) Importer(815301076,1909f56bfc062723c751e8b465ee728b)  -> (artifact id: '89b2f32173df055a9d31b242b3d5989c') in 0.063988 seconds 
========================================================================
Received Import Request.
  Time since last request: 0.000151 seconds.
  path: Assets/ExampleAssets/Models/Workbench.fbx
  artifactKey: Guid(efe9381559c516743bd05cef82f39ebb) Importer(815301076,1909f56bfc062723c751e8b465ee728b)
Start importing Assets/ExampleAssets/Models/Workbench.fbx using Guid(efe9381559c516743bd05cef82f39ebb) Importer(815301076,1909f56bfc062723c751e8b465ee728b)  -> (artifact id: '9763579b58169ef327fd8d483de42484') in 0.088514 seconds 
========================================================================
Received Import Request.
  Time since last request: 0.000194 seconds.
  path: Assets/ExampleAssets/Models/Workbench_Low.fbx
  artifactKey: Guid(ff6dc36862fe41641bb21568d92147c9) Importer(815301076,1909f56bfc062723c751e8b465ee728b)
Start importing Assets/ExampleAssets/Models/Workbench_Low.fbx using Guid(ff6dc36862fe41641bb21568d92147c9) Importer(815301076,1909f56bfc062723c751e8b465ee728b)  -> (artifact id: '5f99d08570cdde3afaf55ae1a8262d9b') in 0.090590 seconds 
========================================================================
Received Import Request.
  Time since last request: 0.000104 seconds.
  path: Assets/ExampleAssets/Models/safetyhat_low.fbx
  artifactKey: Guid(9d0d902f71acfe646a46cb625f815a49) Importer(815301076,1909f56bfc062723c751e8b465ee728b)
Start importing Assets/ExampleAssets/Models/safetyhat_low.fbx using Guid(9d0d902f71acfe646a46cb625f815a49) Importer(815301076,1909f56bfc062723c751e8b465ee728b)  -> (artifact id: '5935c6193b6a59e066fce2003b46692c') in 0.042274 seconds 
========================================================================
Received Import Request.
  Time since last request: 0.000111 seconds.
  path: Assets/ExampleAssets/Models/small_plane.fbx
  artifactKey: Guid(aeaee610429f51f44981e141eb2a3545) Importer(815301076,1909f56bfc062723c751e8b465ee728b)
Start importing Assets/ExampleAssets/Models/small_plane.fbx using Guid(aeaee610429f51f44981e141eb2a3545) Importer(815301076,1909f56bfc062723c751e8b465ee728b)  -> (artifact id: 'f21ffefb080f2bc5460e0e031b036c2e') in 0.041820 seconds 
========================================================================
Received Import Request.
  Time since last request: 45.493994 seconds.
  path: Packages/com.unity.searcher/Editor/Resources/FlatSkin/Font/Roboto-Medium.ttf
  artifactKey: Guid(a51a3aebb43ac044989270407476b208) Importer(815301076,1909f56bfc062723c751e8b465ee728b)
Start importing Packages/com.unity.searcher/Editor/Resources/FlatSkin/Font/Roboto-Medium.ttf using Guid(a51a3aebb43ac044989270407476b208) Importer(815301076,1909f56bfc062723c751e8b465ee728b)  -> (artifact id: '902242e115a183ce41f871a740ac435e') in 0.041560 seconds 
========================================================================
Received Import Request.
  Time since last request: 0.000110 seconds.
  path: Packages/com.unity.searcher/Editor/Resources/FlatSkin/Font/Roboto-Thin.ttf
  artifactKey: Guid(19a9abb883540be48b75b951a927ae03) Importer(815301076,1909f56bfc062723c751e8b465ee728b)
Start importing Packages/com.unity.searcher/Editor/Resources/FlatSkin/Font/Roboto-Thin.ttf using Guid(19a9abb883540be48b75b951a927ae03) Importer(815301076,1909f56bfc062723c751e8b465ee728b)  -> (artifact id: 'e546ab6cdca899bff6c13129bceee71d') in 0.031303 seconds 
========================================================================
Received Import Request.
  Time since last request: 0.000132 seconds.
  path: Packages/com.unity.searcher/Editor/Resources/FlatSkin/Font/Roboto-BlackItalic.ttf
  artifactKey: Guid(f95147a9bab9fe649b8070170fa7ebd2) Importer(815301076,1909f56bfc062723c751e8b465ee728b)
Start importing Packages/com.unity.searcher/Editor/Resources/FlatSkin/Font/Roboto-BlackItalic.ttf using Guid(f95147a9bab9fe649b8070170fa7ebd2) Importer(815301076,1909f56bfc062723c751e8b465ee728b)  -> (artifact id: 'ddc7a1065dfd918bae9c7058949d93c1') in 0.031578 seconds 
========================================================================
Received Import Request.
  Time since last request: 0.000111 seconds.
  path: Packages/com.unity.render-pipelines.universal/Runtime/Materials/ParticlesUnlit.mat
  artifactKey: Guid(e823cd5b5d27c0f4b8256e7c12ee3e6d) Importer(815301076,1909f56bfc062723c751e8b465ee728b)
Start importing Packages/com.unity.render-pipelines.universal/Runtime/Materials/ParticlesUnlit.mat using Guid(e823cd5b5d27c0f4b8256e7c12ee3e6d) Importer(815301076,1909f56bfc062723c751e8b465ee728b)  -> (artifact id: 'a6d3bac30e0c3da08768836858914317') in 0.031096 seconds 
========================================================================
Received Import Request.
  Time since last request: 0.000165 seconds.
  path: Packages/com.unity.searcher/Editor/Resources/FlatSkin/Font/Roboto-MediumItalic.ttf
  artifactKey: Guid(d93c1bc57fdf1ac4dad1bf04fac05464) Importer(815301076,1909f56bfc062723c751e8b465ee728b)
Start importing Packages/com.unity.searcher/Editor/Resources/FlatSkin/Font/Roboto-MediumItalic.ttf using Guid(d93c1bc57fdf1ac4dad1bf04fac05464) Importer(815301076,1909f56bfc062723c751e8b465ee728b)  -> (artifact id: '81cbb825cdfdd89519f6c082eb60c451') in 0.035043 seconds 
========================================================================
Received Import Request.
  Time since last request: 0.000184 seconds.
  path: Packages/com.unity.render-pipelines.universal/Runtime/Materials/TerrainLit.mat
  artifactKey: Guid(594ea882c5a793440b60ff72d896021e) Importer(815301076,1909f56bfc062723c751e8b465ee728b)
Start importing Packages/com.unity.render-pipelines.universal/Runtime/Materials/TerrainLit.mat using Guid(594ea882c5a793440b60ff72d896021e) Importer(815301076,1909f56bfc062723c751e8b465ee728b)  -> (artifact id: 'db9aec0391899b041fa150a21f0d5646') in 0.301380 seconds 
========================================================================
Received Import Request.
  Time since last request: 0.000281 seconds.
  path: Packages/com.unity.searcher/Editor/Resources/FlatSkin/Font/Roboto-Bold.ttf
  artifactKey: Guid(3750c318f40cab44a97d3a81beaefeb3) Importer(815301076,1909f56bfc062723c751e8b465ee728b)
Start importing Packages/com.unity.searcher/Editor/Resources/FlatSkin/Font/Roboto-Bold.ttf using Guid(3750c318f40cab44a97d3a81beaefeb3) Importer(815301076,1909f56bfc062723c751e8b465ee728b)  -> (artifact id: '0555eee1a6dae1664330da9e68c50651') in 0.032575 seconds 
========================================================================
Received Import Request.
  Time since last request: 0.000104 seconds.
  path: Packages/com.unity.render-pipelines.universal/Runtime/Materials/Sprite-Unlit-Default.mat
  artifactKey: Guid(9dfc825aed78fcd4ba02077103263b40) Importer(815301076,1909f56bfc062723c751e8b465ee728b)
Start importing Packages/com.unity.render-pipelines.universal/Runtime/Materials/Sprite-Unlit-Default.mat using Guid(9dfc825aed78fcd4ba02077103263b40) Importer(815301076,1909f56bfc062723c751e8b465ee728b)  -> (artifact id: '3dc837b22dad5c9afcddefa703e0bc63') in 0.050655 seconds 
========================================================================
Received Import Request.
  Time since last request: 0.000173 seconds.
  path: Packages/com.unity.searcher/Editor/Resources/FlatSkin/Font/Roboto-Italic.ttf
  artifactKey: Guid(c839255fc8f6b4b4d90bf8c1af9f9bd1) Importer(815301076,1909f56bfc062723c751e8b465ee728b)
Start importing Packages/com.unity.searcher/Editor/Resources/FlatSkin/Font/Roboto-Italic.ttf using Guid(c839255fc8f6b4b4d90bf8c1af9f9bd1) Importer(815301076,1909f56bfc062723c751e8b465ee728b)  -> (artifact id: '714915796405489b4b46d719b882b77d') in 0.035164 seconds 
========================================================================
Received Import Request.
  Time since last request: 0.000148 seconds.
  path: Packages/com.unity.render-pipelines.universal/Runtime/Materials/SimpleLit.mat
  artifactKey: Guid(6a1143ee683302f4aa628c052723efc1) Importer(815301076,1909f56bfc062723c751e8b465ee728b)
Start importing Packages/com.unity.render-pipelines.universal/Runtime/Materials/SimpleLit.mat using Guid(6a1143ee683302f4aa628c052723efc1) Importer(815301076,1909f56bfc062723c751e8b465ee728b)  -> (artifact id: '4193ea014fb52272aa79e827f0b902d4') in 0.290158 seconds 
========================================================================
Received Import Request.
  Time since last request: 0.000134 seconds.
  path: Packages/com.unity.searcher/Editor/Resources/FlatSkin/Font/Roboto-ThinItalic.ttf
  artifactKey: Guid(b2ea3b3f1765e544b9eb5bd1a93a91ce) Importer(815301076,1909f56bfc062723c751e8b465ee728b)
Start importing Packages/com.unity.searcher/Editor/Resources/FlatSkin/Font/Roboto-ThinItalic.ttf using Guid(b2ea3b3f1765e544b9eb5bd1a93a91ce) Importer(815301076,1909f56bfc062723c751e8b465ee728b)  -> (artifact id: 'ef2dad4445f4d663feb289b2508c93eb') in 0.036622 seconds 
========================================================================
Received Import Request.
  Time since last request: 0.000166 seconds.
  path: Packages/com.unity.searcher/Editor/Resources/FlatSkin/Font/Roboto-Black.ttf
  artifactKey: Guid(1062c701058745940ae5dca6219c64c8) Importer(815301076,1909f56bfc062723c751e8b465ee728b)
Start importing Packages/com.unity.searcher/Editor/Resources/FlatSkin/Font/Roboto-Black.ttf using Guid(1062c701058745940ae5dca6219c64c8) Importer(815301076,1909f56bfc062723c751e8b465ee728b)  -> (artifact id: 'da8cbc8e98e1722ba83daca9abce99c1') in 0.031459 seconds 
========================================================================
Received Import Request.
  Time since last request: 0.000160 seconds.
  path: Packages/com.unity.searcher/Editor/Resources/FlatSkin/Font/Roboto-Regular.ttf
  artifactKey: Guid(30dc370b164eefc43b95744fc796dad0) Importer(815301076,1909f56bfc062723c751e8b465ee728b)
Start importing Packages/com.unity.searcher/Editor/Resources/FlatSkin/Font/Roboto-Regular.ttf using Guid(30dc370b164eefc43b95744fc796dad0) Importer(815301076,1909f56bfc062723c751e8b465ee728b)  -> (artifact id: 'fe80f27e5dc98c3ff6d76c9297f0650c') in 0.032808 seconds 
========================================================================
Received Import Request.
  Time since last request: 0.000135 seconds.
  path: Packages/com.unity.render-pipelines.universal/Runtime/Materials/Sprite-Lit-Default.mat
  artifactKey: Guid(a97c105638bdf8b4a8650670310a4cd3) Importer(815301076,1909f56bfc062723c751e8b465ee728b)
Start importing Packages/com.unity.render-pipelines.universal/Runtime/Materials/Sprite-Lit-Default.mat using Guid(a97c105638bdf8b4a8650670310a4cd3) Importer(815301076,1909f56bfc062723c751e8b465ee728b)  -> (artifact id: 'cbf71d48645b4137c3fdde14caf1f63f') in 0.028866 seconds 
========================================================================
Received Import Request.
  Time since last request: 0.000161 seconds.
  path: Packages/com.unity.render-pipelines.universal/Runtime/Materials/Lit.mat
  artifactKey: Guid(31321ba15b8f8eb4c954353edc038b1d) Importer(815301076,1909f56bfc062723c751e8b465ee728b)
Start importing Packages/com.unity.render-pipelines.universal/Runtime/Materials/Lit.mat using Guid(31321ba15b8f8eb4c954353edc038b1d) Importer(815301076,1909f56bfc062723c751e8b465ee728b)  -> (artifact id: '97a46e45ab72210011683b98bb693f19') in 0.030302 seconds 
========================================================================
Received Import Request.
  Time since last request: 0.000177 seconds.
  path: Packages/com.unity.render-pipelines.core/Runtime/Debugging/Prefabs/Fonts/Perfect DOS VGA 437.ttf
  artifactKey: Guid(74a5091d8707f334b9a5c31ef71a64ba) Importer(815301076,1909f56bfc062723c751e8b465ee728b)
Start importing Packages/com.unity.render-pipelines.core/Runtime/Debugging/Prefabs/Fonts/Perfect DOS VGA 437.ttf using Guid(74a5091d8707f334b9a5c31ef71a64ba) Importer(815301076,1909f56bfc062723c751e8b465ee728b)  -> (artifact id: 'ca91db08ed2b2ee29570b7404c3ed2ba') in 0.033120 seconds 
========================================================================
Received Import Request.
  Time since last request: 0.000335 seconds.
  path: Packages/com.unity.searcher/Editor/Resources/FlatSkin/Font/Roboto-BoldItalic.ttf
  artifactKey: Guid(dfb97a9307a577a41bcacba34b9a7e32) Importer(815301076,1909f56bfc062723c751e8b465ee728b)
Start importing Packages/com.unity.searcher/Editor/Resources/FlatSkin/Font/Roboto-BoldItalic.ttf using Guid(dfb97a9307a577a41bcacba34b9a7e32) Importer(815301076,1909f56bfc062723c751e8b465ee728b)  -> (artifact id: '9a19c6483342045242b4acd4e1199bfe') in 0.032693 seconds 
========================================================================
Received Import Request.
  Time since last request: 0.000138 seconds.
  path: Packages/com.unity.searcher/Editor/Resources/FlatSkin/Font/Roboto-Light.ttf
  artifactKey: Guid(2a29e27936eb547458f646f71125b264) Importer(815301076,1909f56bfc062723c751e8b465ee728b)
Start importing Packages/com.unity.searcher/Editor/Resources/FlatSkin/Font/Roboto-Light.ttf using Guid(2a29e27936eb547458f646f71125b264) Importer(815301076,1909f56bfc062723c751e8b465ee728b)  -> (artifact id: 'a763c6bf2cea5b90d6a812dc1ee5d082') in 0.034458 seconds 
========================================================================
Received Import Request.
  Time since last request: 0.000234 seconds.
  path: Packages/com.unity.searcher/Editor/Resources/FlatSkin/Font/Roboto-LightItalic.ttf
  artifactKey: Guid(5e63515167650a541b309ba3bfd4db3d) Importer(815301076,1909f56bfc062723c751e8b465ee728b)
Start importing Packages/com.unity.searcher/Editor/Resources/FlatSkin/Font/Roboto-LightItalic.ttf using Guid(5e63515167650a541b309ba3bfd4db3d) Importer(815301076,1909f56bfc062723c751e8b465ee728b)  -> (artifact id: 'e42701aa2754ddcfdfde0474c14b7657') in 0.034014 seconds 
========================================================================
Received Import Request.
  Time since last request: 3.311435 seconds.
  path: Packages/com.unity.render-pipelines.core/Runtime/Debugging/Prefabs/Widgets/DebugUI BitField.prefab
  artifactKey: Guid(7c78b588b2e1f7c4a86ca4a985cf6e4a) Importer(815301076,1909f56bfc062723c751e8b465ee728b)
Start importing Packages/com.unity.render-pipelines.core/Runtime/Debugging/Prefabs/Widgets/DebugUI BitField.prefab using Guid(7c78b588b2e1f7c4a86ca4a985cf6e4a) Importer(815301076,1909f56bfc062723c751e8b465ee728b)  -> (artifact id: 'a3ee8e196d353e6c7c3aeeca5f9ad7d7') in 0.051766 seconds 
========================================================================
Received Import Request.
  Time since last request: 0.000234 seconds.
  path: Packages/com.unity.render-pipelines.core/Runtime/Debugging/Prefabs/Widgets/DebugUI EnumHistory.prefab
  artifactKey: Guid(b2da6b27df236b144b3516ed8e7d36ac) Importer(815301076,1909f56bfc062723c751e8b465ee728b)
Start importing Packages/com.unity.render-pipelines.core/Runtime/Debugging/Prefabs/Widgets/DebugUI EnumHistory.prefab using Guid(b2da6b27df236b144b3516ed8e7d36ac) Importer(815301076,1909f56bfc062723c751e8b465ee728b)  -> (artifact id: '2e7dd79acb12c8f748e429c3b356a2cf') in 0.031657 seconds 
========================================================================
Received Import Request.
  Time since last request: 0.000177 seconds.
  path: Packages/com.unity.render-pipelines.core/Runtime/Debugging/Prefabs/Widgets/DebugUI Group.prefab
  artifactKey: Guid(38a07789c9e87004dad98c2909f58369) Importer(815301076,1909f56bfc062723c751e8b465ee728b)
Start importing Packages/com.unity.render-pipelines.core/Runtime/Debugging/Prefabs/Widgets/DebugUI Group.prefab using Guid(38a07789c9e87004dad98c2909f58369) Importer(815301076,1909f56bfc062723c751e8b465ee728b)  -> (artifact id: '168f3f6913f8a39f049e65a69b1cb628') in 0.030775 seconds 
========================================================================
Received Import Request.
  Time since last request: 0.000140 seconds.
  path: Packages/com.unity.render-pipelines.core/Runtime/Debugging/Prefabs/Resources/DebugUI Persistent Canvas.prefab
  artifactKey: Guid(f6b1a0fe75d5009449cf55ae76220e2b) Importer(815301076,1909f56bfc062723c751e8b465ee728b)
Start importing Packages/com.unity.render-pipelines.core/Runtime/Debugging/Prefabs/Resources/DebugUI Persistent Canvas.prefab using Guid(f6b1a0fe75d5009449cf55ae76220e2b) Importer(815301076,1909f56bfc062723c751e8b465ee728b)  -> (artifact id: 'e7df5e719cfefe2eefd46fcbdaa076e4') in 0.037055 seconds 
========================================================================
Received Import Request.
  Time since last request: 0.000132 seconds.
  path: Packages/com.unity.render-pipelines.core/Runtime/Debugging/Prefabs/Widgets/DebugUI Vector3.prefab
  artifactKey: Guid(94afea5f242d72547979595ba963f335) Importer(815301076,1909f56bfc062723c751e8b465ee728b)
Start importing Packages/com.unity.render-pipelines.core/Runtime/Debugging/Prefabs/Widgets/DebugUI Vector3.prefab using Guid(94afea5f242d72547979595ba963f335) Importer(815301076,1909f56bfc062723c751e8b465ee728b)  -> (artifact id: 'c700e6ac6a26f0fdb0c63c46c4ce81ca') in 0.035093 seconds 
========================================================================
Received Import Request.
  Time since last request: 0.000116 seconds.
  path: Packages/com.unity.render-pipelines.core/Runtime/Debugging/Prefabs/Widgets/DebugUI Row.prefab
  artifactKey: Guid(2d019437ff89b8d44949727731cd9357) Importer(815301076,1909f56bfc062723c751e8b465ee728b)
Start importing Packages/com.unity.render-pipelines.core/Runtime/Debugging/Prefabs/Widgets/DebugUI Row.prefab using Guid(2d019437ff89b8d44949727731cd9357) Importer(815301076,1909f56bfc062723c751e8b465ee728b)  -> (artifact id: '6e3b6618f6df86c600d8457c08872f30') in 0.031217 seconds 
========================================================================
Received Import Request.
  Time since last request: 0.000211 seconds.
  path: Packages/com.unity.render-pipelines.core/Runtime/Debugging/Prefabs/Widgets/DebugUI ToggleHistory.prefab
  artifactKey: Guid(5088d0220f0c4df439cf06c5c270eacb) Importer(815301076,1909f56bfc062723c751e8b465ee728b)
Start importing Packages/com.unity.render-pipelines.core/Runtime/Debugging/Prefabs/Widgets/DebugUI ToggleHistory.prefab using Guid(5088d0220f0c4df439cf06c5c270eacb) Importer(815301076,1909f56bfc062723c751e8b465ee728b)  -> (artifact id: '3f77c82d3439f2d9346add3a42a53609') in 0.027346 seconds 
========================================================================
Received Import Request.
  Time since last request: 0.000207 seconds.
  path: Packages/com.unity.render-pipelines.core/Runtime/Debugging/Prefabs/Widgets/DebugUI HBox.prefab
  artifactKey: Guid(f7f5e36797cf0c1408561665c67b179b) Importer(815301076,1909f56bfc062723c751e8b465ee728b)
Start importing Packages/com.unity.render-pipelines.core/Runtime/Debugging/Prefabs/Widgets/DebugUI HBox.prefab using Guid(f7f5e36797cf0c1408561665c67b179b) Importer(815301076,1909f56bfc062723c751e8b465ee728b)  -> (artifact id: '6136ef815899cae0b3b8e7396aaaeb21') in 0.029542 seconds 
========================================================================
Received Import Request.
  Time since last request: 0.000216 seconds.
  path: Packages/com.unity.render-pipelines.core/Runtime/Debugging/Prefabs/Widgets/DebugUI Foldout.prefab
  artifactKey: Guid(1c87ab2ce8b8b304d98fbe9a734b1f74) Importer(815301076,1909f56bfc062723c751e8b465ee728b)
Start importing Packages/com.unity.render-pipelines.core/Runtime/Debugging/Prefabs/Widgets/DebugUI Foldout.prefab using Guid(1c87ab2ce8b8b304d98fbe9a734b1f74) Importer(815301076,1909f56bfc062723c751e8b465ee728b)  -> (artifact id: 'f055b6a533b87b1f6b1544d71121093c') in 0.030124 seconds 
========================================================================
Received Import Request.
  Time since last request: 0.000110 seconds.
  path: Packages/com.unity.render-pipelines.core/Runtime/Debugging/Prefabs/Widgets/DebugUI Panel.prefab
  artifactKey: Guid(daa46a58178a6ad41ae1ddc2dc7f856d) Importer(815301076,1909f56bfc062723c751e8b465ee728b)
Start importing Packages/com.unity.render-pipelines.core/Runtime/Debugging/Prefabs/Widgets/DebugUI Panel.prefab using Guid(daa46a58178a6ad41ae1ddc2dc7f856d) Importer(815301076,1909f56bfc062723c751e8b465ee728b)  -> (artifact id: '70bb668c476fd1eafe0512bded369ad1') in 0.035725 seconds 
========================================================================
Received Import Request.
  Time since last request: 0.000137 seconds.
  path: Packages/com.unity.render-pipelines.core/Runtime/Debugging/Prefabs/Widgets/DebugUI UIntField.prefab
  artifactKey: Guid(f22bcc84a5f4a1944b075a2c4ac71493) Importer(815301076,1909f56bfc062723c751e8b465ee728b)
Start importing Packages/com.unity.render-pipelines.core/Runtime/Debugging/Prefabs/Widgets/DebugUI UIntField.prefab using Guid(f22bcc84a5f4a1944b075a2c4ac71493) Importer(815301076,1909f56bfc062723c751e8b465ee728b)  -> (artifact id: '025f712844714b9f7cd215f9ea3cae99') in 0.024260 seconds 
========================================================================
Received Import Request.
  Time since last request: 0.000208 seconds.
  path: Packages/com.unity.render-pipelines.core/Runtime/Debugging/Prefabs/Widgets/DebugUI Color.prefab
  artifactKey: Guid(77c185820dd1a464eac89cae3abccddf) Importer(815301076,1909f56bfc062723c751e8b465ee728b)
Start importing Packages/com.unity.render-pipelines.core/Runtime/Debugging/Prefabs/Widgets/DebugUI Color.prefab using Guid(77c185820dd1a464eac89cae3abccddf) Importer(815301076,1909f56bfc062723c751e8b465ee728b)  -> (artifact id: 'c8aaf9e8d9eb421c2dfdd155de79d257') in 0.027063 seconds 
========================================================================
Received Import Request.
  Time since last request: 0.000176 seconds.
  path: Packages/com.unity.render-pipelines.core/Runtime/Debugging/Prefabs/Widgets/DebugUI Value.prefab
  artifactKey: Guid(dc0f88987826e6e48b1fe9c7c2b53a53) Importer(815301076,1909f56bfc062723c751e8b465ee728b)
Start importing Packages/com.unity.render-pipelines.core/Runtime/Debugging/Prefabs/Widgets/DebugUI Value.prefab using Guid(dc0f88987826e6e48b1fe9c7c2b53a53) Importer(815301076,1909f56bfc062723c751e8b465ee728b)  -> (artifact id: 'a2e7888facc0b82621fbc623a2e62279') in 0.023967 seconds 
========================================================================
Received Import Request.
  Time since last request: 0.000172 seconds.
  path: Packages/com.unity.render-pipelines.core/Runtime/Debugging/Prefabs/Widgets/DebugUI Button.prefab
  artifactKey: Guid(f6ce33b91f6ffe54cadacbf4bb112440) Importer(815301076,1909f56bfc062723c751e8b465ee728b)
Start importing Packages/com.unity.render-pipelines.core/Runtime/Debugging/Prefabs/Widgets/DebugUI Button.prefab using Guid(f6ce33b91f6ffe54cadacbf4bb112440) Importer(815301076,1909f56bfc062723c751e8b465ee728b)  -> (artifact id: '588c2ca7a1b4b399d1b47eb8d8be6262') in 0.028633 seconds 
========================================================================
Received Import Request.
  Time since last request: 0.000239 seconds.
  path: Packages/com.unity.render-pipelines.core/Runtime/Debugging/Prefabs/Widgets/DebugUI IntField.prefab
  artifactKey: Guid(ae00bb75e0cd5b04b8fe7fb4ab662629) Importer(815301076,1909f56bfc062723c751e8b465ee728b)
Start importing Packages/com.unity.render-pipelines.core/Runtime/Debugging/Prefabs/Widgets/DebugUI IntField.prefab using Guid(ae00bb75e0cd5b04b8fe7fb4ab662629) Importer(815301076,1909f56bfc062723c751e8b465ee728b)  -> (artifact id: '66c1b9a72aa6471512da5b850d1a8d56') in 0.024913 seconds 
========================================================================
Received Import Request.
  Time since last request: 0.000212 seconds.
  path: Packages/com.unity.render-pipelines.core/Runtime/Debugging/Prefabs/Widgets/DebugUI Vector4.prefab
  artifactKey: Guid(d47f009476100f545971a81ede14c750) Importer(815301076,1909f56bfc062723c751e8b465ee728b)
Start importing Packages/com.unity.render-pipelines.core/Runtime/Debugging/Prefabs/Widgets/DebugUI Vector4.prefab using Guid(d47f009476100f545971a81ede14c750) Importer(815301076,1909f56bfc062723c751e8b465ee728b)  -> (artifact id: '38ab54b0d11160c059acf0c833ca63cd') in 0.028306 seconds 
========================================================================
Received Import Request.
  Time since last request: 0.000143 seconds.
  path: Packages/com.unity.render-pipelines.core/Runtime/Debugging/Prefabs/Widgets/DebugUI EnumField.prefab
  artifactKey: Guid(988db55689193434fb0b3b89538f978f) Importer(815301076,1909f56bfc062723c751e8b465ee728b)
Start importing Packages/com.unity.render-pipelines.core/Runtime/Debugging/Prefabs/Widgets/DebugUI EnumField.prefab using Guid(988db55689193434fb0b3b89538f978f) Importer(815301076,1909f56bfc062723c751e8b465ee728b)  -> (artifact id: 'c8391b26ff71e6f9883ce1b1cbb249d9') in 0.025344 seconds 
========================================================================
Received Import Request.
  Time since last request: 0.000170 seconds.
  path: Packages/com.unity.render-pipelines.core/Runtime/Debugging/Prefabs/Widgets/DebugUI FloatField.prefab
  artifactKey: Guid(7d4fd3415ea7dd64bbcfe13fb48a730b) Importer(815301076,1909f56bfc062723c751e8b465ee728b)
Start importing Packages/com.unity.render-pipelines.core/Runtime/Debugging/Prefabs/Widgets/DebugUI FloatField.prefab using Guid(7d4fd3415ea7dd64bbcfe13fb48a730b) Importer(815301076,1909f56bfc062723c751e8b465ee728b)  -> (artifact id: '12aab895b5e13d7fed957d56a7c81009') in 0.026351 seconds 
========================================================================
Received Import Request.
  Time since last request: 0.000148 seconds.
  path: Packages/com.unity.render-pipelines.core/Runtime/Debugging/Prefabs/Widgets/DebugUI Vector2.prefab
  artifactKey: Guid(326f7c58aed965d41bf7805a782d1e44) Importer(815301076,1909f56bfc062723c751e8b465ee728b)
Start importing Packages/com.unity.render-pipelines.core/Runtime/Debugging/Prefabs/Widgets/DebugUI Vector2.prefab using Guid(326f7c58aed965d41bf7805a782d1e44) Importer(815301076,1909f56bfc062723c751e8b465ee728b)  -> (artifact id: 'd4846b13c839ab197b6ace842391595f') in 0.026274 seconds 
========================================================================
Received Import Request.
  Time since last request: 0.000241 seconds.
  path: Packages/com.unity.render-pipelines.core/Runtime/Debugging/Prefabs/Widgets/DebugUI VBox.prefab
  artifactKey: Guid(ca3e294656861a64b8aeeb9f916da0a9) Importer(815301076,1909f56bfc062723c751e8b465ee728b)
Start importing Packages/com.unity.render-pipelines.core/Runtime/Debugging/Prefabs/Widgets/DebugUI VBox.prefab using Guid(ca3e294656861a64b8aeeb9f916da0a9) Importer(815301076,1909f56bfc062723c751e8b465ee728b)  -> (artifact id: 'adbb6b67d5b3ba385f856815ebc7c409') in 0.023028 seconds 
========================================================================
Received Import Request.
  Time since last request: 0.000174 seconds.
  path: Packages/com.unity.render-pipelines.core/Runtime/Debugging/Prefabs/Resources/DebugUI Canvas.prefab
  artifactKey: Guid(cf6cbdd672089a84796e55a21fed1cbe) Importer(815301076,1909f56bfc062723c751e8b465ee728b)
Start importing Packages/com.unity.render-pipelines.core/Runtime/Debugging/Prefabs/Resources/DebugUI Canvas.prefab using Guid(cf6cbdd672089a84796e55a21fed1cbe) Importer(815301076,1909f56bfc062723c751e8b465ee728b)  -> (artifact id: '8eb690f4b0e2361aa7d2b92fcc7d8eee') in 0.043215 seconds 
========================================================================
Received Import Request.
  Time since last request: 0.000270 seconds.
  path: Packages/com.unity.render-pipelines.core/Runtime/Debugging/Prefabs/Widgets/DebugUI Toggle.prefab
  artifactKey: Guid(ce347ad101f41ee4ab5c3fbc0ea447db) Importer(815301076,1909f56bfc062723c751e8b465ee728b)
Start importing Packages/com.unity.render-pipelines.core/Runtime/Debugging/Prefabs/Widgets/DebugUI Toggle.prefab using Guid(ce347ad101f41ee4ab5c3fbc0ea447db) Importer(815301076,1909f56bfc062723c751e8b465ee728b)  -> (artifact id: '765d41bf4e4dd5c60e73bad251c6c70e') in 0.024265 seconds 
========================================================================
Received Import Request.
  Time since last request: 9.338821 seconds.
  path: Assets
  artifactKey: Guid(00000000000000001000000000000000) Importer(815301076,1909f56bfc062723c751e8b465ee728b)
Start importing Assets using Guid(00000000000000001000000000000000) Importer(815301076,1909f56bfc062723c751e8b465ee728b)  -> (artifact id: '42d402b061de3733987d63b9cc3b64de') in 0.022690 seconds 
========================================================================
Received Import Request.
  Time since last request: 5.836680 seconds.
  path: Assets/Player
  artifactKey: Guid(ee644b4d7d64dd640aae90d578b80887) Importer(815301076,1909f56bfc062723c751e8b465ee728b)
Start importing Assets/Player using Guid(ee644b4d7d64dd640aae90d578b80887) Importer(815301076,1909f56bfc062723c751e8b465ee728b)  -> (artifact id: '0ddc81e29d3b9f27c0c85b0a6063b340') in 0.021487 seconds 
========================================================================
Received Import Request.
  Time since last request: 20.147731 seconds.
  path: Assets/Player/female_assassin.fbx
  artifactKey: Guid(ab1809c8201b44b498e3ace34f8e2632) Importer(815301076,1909f56bfc062723c751e8b465ee728b)
Start importing Assets/Player/female_assassin.fbx using Guid(ab1809c8201b44b498e3ace34f8e2632) Importer(815301076,1909f56bfc062723c751e8b465ee728b)  -> (artifact id: 'b56724cf8af4077ba1e255d83ce14730') in 0.079919 seconds 
========================================================================
Received Import Request.
  Time since last request: 2.861590 seconds.
  path: Assets/Player/Animations
  artifactKey: Guid(77470146d416f2d4caa7eebea9dda266) Importer(815301076,1909f56bfc062723c751e8b465ee728b)
Start importing Assets/Player/Animations using Guid(77470146d416f2d4caa7eebea9dda266) Importer(815301076,1909f56bfc062723c751e8b465ee728b)  -> (artifact id: '5a26b082239a00e532f695d5078af383') in 0.026104 seconds 
========================================================================
Received Import Request.
  Time since last request: 4.379552 seconds.
  path: Assets/Player/New Textures
  artifactKey: Guid(098f64accdffa9e4cb2b7059a17ee698) Importer(815301076,1909f56bfc062723c751e8b465ee728b)
Start importing Assets/Player/New Textures using Guid(098f64accdffa9e4cb2b7059a17ee698) Importer(815301076,1909f56bfc062723c751e8b465ee728b)  -> (artifact id: 'a8bce8da1c7d553dd9a3d276802dd823') in 0.023486 seconds 
========================================================================
Received Import Request.
  Time since last request: 0.029599 seconds.
  path: Assets/Player/New Textures/clothes_color.png
  artifactKey: Guid(5a5d9a69aa45e9941ba0a777459dd10b) Importer(815301076,1909f56bfc062723c751e8b465ee728b)
Start importing Assets/Player/New Textures/clothes_color.png using Guid(5a5d9a69aa45e9941ba0a777459dd10b) Importer(815301076,1909f56bfc062723c751e8b465ee728b)  -> (artifact id: '4ba741c4cfbdc4fa98ec03c89ecd7eda') in 0.057325 seconds 
========================================================================
Received Import Request.
  Time since last request: 0.000266 seconds.
  path: Assets/Player/New Textures/head _ accessories_normal.png
  artifactKey: Guid(397aa9459ac0da94ba199d57a9804cd5) Importer(815301076,1909f56bfc062723c751e8b465ee728b)
Start importing Assets/Player/New Textures/head _ accessories_normal.png using Guid(397aa9459ac0da94ba199d57a9804cd5) Importer(815301076,1909f56bfc062723c751e8b465ee728b)  -> (artifact id: '4b1cee3676034ac0627e72a90e52d7ab') in 0.041183 seconds 
========================================================================
Received Import Request.
  Time since last request: 0.000132 seconds.
  path: Assets/Player/New Textures/clothes_metal.png
  artifactKey: Guid(4ea18bd4ad1b7774e8b4a408d6a34777) Importer(815301076,1909f56bfc062723c751e8b465ee728b)
Start importing Assets/Player/New Textures/clothes_metal.png using Guid(4ea18bd4ad1b7774e8b4a408d6a34777) Importer(815301076,1909f56bfc062723c751e8b465ee728b)  -> (artifact id: '5cd4fa3aa2b6509c841d09217827253a') in 0.030685 seconds 
========================================================================
Received Import Request.
  Time since last request: 0.000181 seconds.
  path: Assets/Player/New Textures/head _ accessories_roughness.png
  artifactKey: Guid(cf55003e9b72b1c4587e3cf03d775751) Importer(815301076,1909f56bfc062723c751e8b465ee728b)
Start importing Assets/Player/New Textures/head _ accessories_roughness.png using Guid(cf55003e9b72b1c4587e3cf03d775751) Importer(815301076,1909f56bfc062723c751e8b465ee728b)  -> (artifact id: '3716edca1867493b2cf45e25ca402505') in 0.036924 seconds 
========================================================================
Received Import Request.
  Time since last request: 0.000168 seconds.
  path: Assets/Player/New Textures/head _ accessories_metal.png
  artifactKey: Guid(825185bd709629d40873526dcb5785bc) Importer(815301076,1909f56bfc062723c751e8b465ee728b)
Start importing Assets/Player/New Textures/head _ accessories_metal.png using Guid(825185bd709629d40873526dcb5785bc) Importer(815301076,1909f56bfc062723c751e8b465ee728b)  -> (artifact id: '77f85c7c77ed6a47e88cea5913cb1286') in 0.030341 seconds 
========================================================================
Received Import Request.
  Time since last request: 0.000219 seconds.
  path: Assets/Player/New Textures/tatoo mask.png
  artifactKey: Guid(dafa5bbbdd839c746994298c4de821c1) Importer(815301076,1909f56bfc062723c751e8b465ee728b)
Start importing Assets/Player/New Textures/tatoo mask.png using Guid(dafa5bbbdd839c746994298c4de821c1) Importer(815301076,1909f56bfc062723c751e8b465ee728b)  -> (artifact id: '23ff05c76e64642fe0d8cc3902a0dc4b') in 0.044376 seconds 
========================================================================
Received Import Request.
  Time since last request: 0.000210 seconds.
  path: Assets/Player/New Textures/head _ accessories_color - Red.png
  artifactKey: Guid(a0d32532eb6712f458b2bb90f727562e) Importer(815301076,1909f56bfc062723c751e8b465ee728b)
Start importing Assets/Player/New Textures/head _ accessories_color - Red.png using Guid(a0d32532eb6712f458b2bb90f727562e) Importer(815301076,1909f56bfc062723c751e8b465ee728b)  -> (artifact id: '23db4b78173df987de01fe22278cc3e0') in 0.040199 seconds 
========================================================================
Received Import Request.
  Time since last request: 0.000210 seconds.
  path: Assets/Player/New Textures/head _ accessories_color.png
  artifactKey: Guid(5a9430df4ae11e94d8e11ed6d032800d) Importer(815301076,1909f56bfc062723c751e8b465ee728b)
Start importing Assets/Player/New Textures/head _ accessories_color.png using Guid(5a9430df4ae11e94d8e11ed6d032800d) Importer(815301076,1909f56bfc062723c751e8b465ee728b)  -> (artifact id: '38397291cc91e9a54897811d870e91f3') in 0.039831 seconds 
========================================================================
Received Import Request.
  Time since last request: 0.000162 seconds.
  path: Assets/Player/New Textures/clothes_normal.png
  artifactKey: Guid(298103d8149d67b44b41c08209e8f85f) Importer(815301076,1909f56bfc062723c751e8b465ee728b)
Start importing Assets/Player/New Textures/clothes_normal.png using Guid(298103d8149d67b44b41c08209e8f85f) Importer(815301076,1909f56bfc062723c751e8b465ee728b)  -> (artifact id: '63dd453039dcd2147f44ae936b843b0b') in 0.038443 seconds 
========================================================================
Received Import Request.
  Time since last request: 0.000208 seconds.
  path: Assets/Player/New Textures/head _ accessories_color - Purple.png
  artifactKey: Guid(f897c7b0e1d91364c97c42d1ea6f4ad7) Importer(815301076,1909f56bfc062723c751e8b465ee728b)
Start importing Assets/Player/New Textures/head _ accessories_color - Purple.png using Guid(f897c7b0e1d91364c97c42d1ea6f4ad7) Importer(815301076,1909f56bfc062723c751e8b465ee728b)  -> (artifact id: '9bd4c53c3766f5ab3ae8a6e6f0bd0684') in 0.041499 seconds 
========================================================================
Received Import Request.
  Time since last request: 0.000251 seconds.
  path: Assets/Player/New Textures/clothes_roughness.png
  artifactKey: Guid(6bbc55a5150da5149b4eeb33b741e3f0) Importer(815301076,1909f56bfc062723c751e8b465ee728b)
Start importing Assets/Player/New Textures/clothes_roughness.png using Guid(6bbc55a5150da5149b4eeb33b741e3f0) Importer(815301076,1909f56bfc062723c751e8b465ee728b)  -> (artifact id: '67c82957966609a29cf770df8e5cb873') in 0.037739 seconds 
========================================================================
Received Import Request.
  Time since last request: 0.000185 seconds.
  path: Assets/Player/New Textures/head _ accessories_color - Green.png
  artifactKey: Guid(9f50e77b02849e1479167033a4a08f59) Importer(815301076,1909f56bfc062723c751e8b465ee728b)
Start importing Assets/Player/New Textures/head _ accessories_color - Green.png using Guid(9f50e77b02849e1479167033a4a08f59) Importer(815301076,1909f56bfc062723c751e8b465ee728b)  -> (artifact id: '3ce3312523a0e7cb47ce8788f57d428c') in 0.039771 seconds 
========================================================================
Received Import Request.
  Time since last request: 0.000210 seconds.
  path: Assets/Player/New Textures/eyelashes_opacity.png.001.png
  artifactKey: Guid(2e029a25ac9984b4da8d9f18d65d18fa) Importer(815301076,1909f56bfc062723c751e8b465ee728b)
Start importing Assets/Player/New Textures/eyelashes_opacity.png.001.png using Guid(2e029a25ac9984b4da8d9f18d65d18fa) Importer(815301076,1909f56bfc062723c751e8b465ee728b)  -> (artifact id: '93e9930a0f2a432ca60b97fe05ca9bf0') in 0.034892 seconds 
========================================================================
Received Import Request.
  Time since last request: 0.000203 seconds.
  path: Assets/Player/New Textures/head _ accessories_color - Blue.png
  artifactKey: Guid(f3d9f9da594a38645914871f8bc7d45e) Importer(815301076,1909f56bfc062723c751e8b465ee728b)
Start importing Assets/Player/New Textures/head _ accessories_color - Blue.png using Guid(f3d9f9da594a38645914871f8bc7d45e) Importer(815301076,1909f56bfc062723c751e8b465ee728b)  -> (artifact id: '148d743c335ab66f5675e14bbfab24b8') in 0.039093 seconds 
========================================================================
Received Import Request.
  Time since last request: 12.624567 seconds.
  path: Assets/Player/Textures
  artifactKey: Guid(098f64accdffa9e4cb2b7059a17ee698) Importer(815301076,1909f56bfc062723c751e8b465ee728b)
Start importing Assets/Player/Textures using Guid(098f64accdffa9e4cb2b7059a17ee698) Importer(815301076,1909f56bfc062723c751e8b465ee728b)  -> (artifact id: '3e23ef11c0a17a4f9b838d7123472514') in 0.021857 seconds 
========================================================================
Received Import Request.
  Time since last request: 116.197664 seconds.
  path: Assets/Player/female_assassin.fbx
  artifactKey: Guid(ab1809c8201b44b498e3ace34f8e2632) Importer(815301076,1909f56bfc062723c751e8b465ee728b)
Start importing Assets/Player/female_assassin.fbx using Guid(ab1809c8201b44b498e3ace34f8e2632) Importer(815301076,1909f56bfc062723c751e8b465ee728b)  -> (artifact id: 'b71ffbd881aa4b63fdc2aac095b359a8') in 0.081508 seconds 
========================================================================
Received Import Request.
  Time since last request: 181.035670 seconds.
  path: Assets/Player/PlayerMatShader.shadergraph
  artifactKey: Guid(4f9bfba8173e48d4f829b9e9ee7c77ec) Importer(815301076,1909f56bfc062723c751e8b465ee728b)
Start importing Assets/Player/PlayerMatShader.shadergraph using Guid(4f9bfba8173e48d4f829b9e9ee7c77ec) Importer(815301076,1909f56bfc062723c751e8b465ee728b)  -> (artifact id: '5da5bac07d07aa3899171a4d5bbc9576') in 0.030330 seconds 
========================================================================
Received Import Request.
  Time since last request: 649.465159 seconds.
  path: Assets/TutorialInfo/Icons/Help_Icon.png
  artifactKey: Guid(34f556d724b1bbf4097ca6220db2c581) Importer(815301076,1909f56bfc062723c751e8b465ee728b)
Start importing Assets/TutorialInfo/Icons/Help_Icon.png using Guid(34f556d724b1bbf4097ca6220db2c581) Importer(815301076,1909f56bfc062723c751e8b465ee728b)  -> (artifact id: 'd44cd57fc4feab842adb57b231d71887') in 0.071030 seconds 
========================================================================
Received Import Request.
  Time since last request: 0.000351 seconds.
  path: Assets/TutorialInfo/Icons/UniversalIcon.png
  artifactKey: Guid(7801804018a7dcf42abb827444e18660) Importer(815301076,1909f56bfc062723c751e8b465ee728b)
Start importing Assets/TutorialInfo/Icons/UniversalIcon.png using Guid(7801804018a7dcf42abb827444e18660) Importer(815301076,1909f56bfc062723c751e8b465ee728b)  -> (artifact id: '2469af74232faa562fa73eb837360c84') in 0.034470 seconds 
========================================================================
Received Import Request.
  Time since last request: 32.935281 seconds.
  path: Assets/Player/PlayerMat.mat
  artifactKey: Guid(3b34c50103d1a1242bdb36369f8f8c40) Importer(815301076,1909f56bfc062723c751e8b465ee728b)
Start importing Assets/Player/PlayerMat.mat using Guid(3b34c50103d1a1242bdb36369f8f8c40) Importer(815301076,1909f56bfc062723c751e8b465ee728b)  -> (artifact id: 'd3760cfef05027816a372fd02812a041') in 0.056178 seconds 
========================================================================
Received Import Request.
  Time since last request: 189.639527 seconds.
  path: Assets/Player/PlayerMat.mat
  artifactKey: Guid(3b34c50103d1a1242bdb36369f8f8c40) Importer(815301076,1909f56bfc062723c751e8b465ee728b)
Start importing Assets/Player/PlayerMat.mat using Guid(3b34c50103d1a1242bdb36369f8f8c40) Importer(815301076,1909f56bfc062723c751e8b465ee728b)  -> (artifact id: '02f90eff925b511d90bb81272aded4ed') in 0.095277 seconds 
========================================================================
Received Import Request.
  Time since last request: 24.319241 seconds.
  path: Assets/Player/PlayerMatShader.shadergraph
  artifactKey: Guid(4f9bfba8173e48d4f829b9e9ee7c77ec) Importer(815301076,1909f56bfc062723c751e8b465ee728b)
Start importing Assets/Player/PlayerMatShader.shadergraph using Guid(4f9bfba8173e48d4f829b9e9ee7c77ec) Importer(815301076,1909f56bfc062723c751e8b465ee728b)  -> (artifact id: '1c719a8ae632c818b55b61c6854fe1ce') in 0.022536 seconds 
========================================================================
Received Import Request.
  Time since last request: 85.798961 seconds.
  path: Assets/Player/PlayerMat.mat
  artifactKey: Guid(3b34c50103d1a1242bdb36369f8f8c40) Importer(815301076,1909f56bfc062723c751e8b465ee728b)
Start importing Assets/Player/PlayerMat.mat using Guid(3b34c50103d1a1242bdb36369f8f8c40) Importer(815301076,1909f56bfc062723c751e8b465ee728b)  -> (artifact id: '11c8d0ab1d366830b57a1aacb54e43a6') in 0.080543 seconds 
========================================================================
Received Import Request.
  Time since last request: 4.589623 seconds.
  path: Assets/Player/PlayerMatShader.shadergraph
  artifactKey: Guid(4f9bfba8173e48d4f829b9e9ee7c77ec) Importer(815301076,1909f56bfc062723c751e8b465ee728b)
Start importing Assets/Player/PlayerMatShader.shadergraph using Guid(4f9bfba8173e48d4f829b9e9ee7c77ec) Importer(815301076,1909f56bfc062723c751e8b465ee728b)  -> (artifact id: '8800e33cc70ed5f093d7d92cecc37953') in 0.020910 seconds 
========================================================================
Received Import Request.
  Time since last request: 558.373813 seconds.
  path: Assets/Player/female_assiassin_textureslots.fbx
  artifactKey: Guid(d28fb663c6c4acb47aa8d085a4f1d190) Importer(815301076,1909f56bfc062723c751e8b465ee728b)
Start importing Assets/Player/female_assiassin_textureslots.fbx using Guid(d28fb663c6c4acb47aa8d085a4f1d190) Importer(815301076,1909f56bfc062723c751e8b465ee728b)  -> (artifact id: '133142be541b42b9fc977a176fb1c0ae') in 0.572973 seconds 
========================================================================
Received Import Request.
  Time since last request: 11.146086 seconds.
  path: Assets/Player/Textures/head _ accessories_normal.png
  artifactKey: Guid(397aa9459ac0da94ba199d57a9804cd5) Importer(815301076,1909f56bfc062723c751e8b465ee728b)
Start importing Assets/Player/Textures/head _ accessories_normal.png using Guid(397aa9459ac0da94ba199d57a9804cd5) Importer(815301076,1909f56bfc062723c751e8b465ee728b)  -> (artifact id: '3d40eacfe1f3d3b6bb7970dffa110832') in 0.081368 seconds 
========================================================================
Received Import Request.
  Time since last request: 17.280657 seconds.
  path: Assets/Player/female_assiassin_textureslots.fbx
  artifactKey: Guid(d28fb663c6c4acb47aa8d085a4f1d190) Importer(815301076,1909f56bfc062723c751e8b465ee728b)
Start importing Assets/Player/female_assiassin_textureslots.fbx using Guid(d28fb663c6c4acb47aa8d085a4f1d190) Importer(815301076,1909f56bfc062723c751e8b465ee728b)  -> (artifact id: 'a2df5ea7f79b3fce0b4cc5cf28e26d37') in 0.253964 seconds 
========================================================================
Received Import Request.
  Time since last request: 56.527697 seconds.
  path: Assets/Player/Player-FaceAndAcessossireis.mat
  artifactKey: Guid(3b34c50103d1a1242bdb36369f8f8c40) Importer(815301076,1909f56bfc062723c751e8b465ee728b)
Start importing Assets/Player/Player-FaceAndAcessossireis.mat using Guid(3b34c50103d1a1242bdb36369f8f8c40) Importer(815301076,1909f56bfc062723c751e8b465ee728b)  -> (artifact id: '04eb10b62ee0143bf18245f7e87364ee') in 0.110402 seconds 
========================================================================
Received Import Request.
  Time since last request: 9.762820 seconds.
  path: Assets/Player/Player-FaceAndAcessossireis 1.mat
  artifactKey: Guid(535b4d547a087bd42b29b09a5e527dfe) Importer(815301076,1909f56bfc062723c751e8b465ee728b)
Start importing Assets/Player/Player-FaceAndAcessossireis 1.mat using Guid(535b4d547a087bd42b29b09a5e527dfe) Importer(815301076,1909f56bfc062723c751e8b465ee728b)  -> (artifact id: 'c5f64c559faf3bb8695e7e5e1d1432d3') in 0.108841 seconds 
========================================================================
Received Import Request.
  Time since last request: 8.668584 seconds.
  path: Assets/Player/Player-Body.mat
  artifactKey: Guid(535b4d547a087bd42b29b09a5e527dfe) Importer(815301076,1909f56bfc062723c751e8b465ee728b)
Start importing Assets/Player/Player-Body.mat using Guid(535b4d547a087bd42b29b09a5e527dfe) Importer(815301076,1909f56bfc062723c751e8b465ee728b)  -> (artifact id: 'da861a86662decc0d969c5faaba85aa7') in 0.107746 seconds 
========================================================================
Received Import Request.
  Time since last request: 7.256482 seconds.
  path: Assets/Player/female_assiassin_textureslots.fbx
  artifactKey: Guid(d28fb663c6c4acb47aa8d085a4f1d190) Importer(815301076,1909f56bfc062723c751e8b465ee728b)
Start importing Assets/Player/female_assiassin_textureslots.fbx using Guid(d28fb663c6c4acb47aa8d085a4f1d190) Importer(815301076,1909f56bfc062723c751e8b465ee728b)  -> (artifact id: '75d807378b198ad44a358dddf61c6493') in 0.127289 seconds 
========================================================================
Received Import Request.
  Time since last request: 22.714027 seconds.
  path: Assets/Player/female_assiassin_textureslots.fbx
  artifactKey: Guid(d28fb663c6c4acb47aa8d085a4f1d190) Importer(815301076,1909f56bfc062723c751e8b465ee728b)
Start importing Assets/Player/female_assiassin_textureslots.fbx using Guid(d28fb663c6c4acb47aa8d085a4f1d190) Importer(815301076,1909f56bfc062723c751e8b465ee728b)  -> (artifact id: 'e2a80940b61a0bf2aca9bc776b9e45e1') in 0.098907 seconds 
========================================================================
Received Import Request.
  Time since last request: 0.071080 seconds.
  path: Assets/Player/Eyelashes.mat
  artifactKey: Guid(3a1df58fc7b00ef43a0e93d2d784a90d) Importer(815301076,1909f56bfc062723c751e8b465ee728b)
Start importing Assets/Player/Eyelashes.mat using Guid(3a1df58fc7b00ef43a0e93d2d784a90d) Importer(815301076,1909f56bfc062723c751e8b465ee728b)  -> (artifact id: '096b74721d84dbfda606c734aaf8f267') in 0.050028 seconds 
========================================================================
Received Import Request.
  Time since last request: 117.960469 seconds.
  path: Assets/Player/female_assassin.fbx
  artifactKey: Guid(ab1809c8201b44b498e3ace34f8e2632) Importer(815301076,1909f56bfc062723c751e8b465ee728b)
Start importing Assets/Player/female_assassin.fbx using Guid(ab1809c8201b44b498e3ace34f8e2632) Importer(815301076,1909f56bfc062723c751e8b465ee728b)  -> (artifact id: '673611c000babd126587fd20d43c5759') in 0.072920 seconds 
========================================================================
Received Import Request.
  Time since last request: 56.061808 seconds.
  path: Assets/Player/Textures/clothes_normal.png
  artifactKey: Guid(298103d8149d67b44b41c08209e8f85f) Importer(815301076,1909f56bfc062723c751e8b465ee728b)
Start importing Assets/Player/Textures/clothes_normal.png using Guid(298103d8149d67b44b41c08209e8f85f) Importer(815301076,1909f56bfc062723c751e8b465ee728b)  -> (artifact id: '32a752e5e1555bd59a6d0a92db218fa5') in 0.071387 seconds 
========================================================================
Received Import Request.
  Time since last request: 16.724925 seconds.
  path: Assets/Player/Materials
  artifactKey: Guid(fa76ccb1ead9506428d8fb3794cd2786) Importer(815301076,1909f56bfc062723c751e8b465ee728b)
Start importing Assets/Player/Materials using Guid(fa76ccb1ead9506428d8fb3794cd2786) Importer(815301076,1909f56bfc062723c751e8b465ee728b)  -> (artifact id: 'c421a28eb5775878d44a84c72d406d70') in 0.023523 seconds 
========================================================================
Received Import Request.
  Time since last request: 83.808126 seconds.
  path: Assets/Player/female_assiassin_textureslots.fbx
  artifactKey: Guid(d28fb663c6c4acb47aa8d085a4f1d190) Importer(815301076,1909f56bfc062723c751e8b465ee728b)
Start importing Assets/Player/female_assiassin_textureslots.fbx using Guid(d28fb663c6c4acb47aa8d085a4f1d190) Importer(815301076,1909f56bfc062723c751e8b465ee728b)  -> (artifact id: '86c123170e74805a87a2ab25f021953f') in 0.124042 seconds 
========================================================================
Received Import Request.
  Time since last request: 121.524422 seconds.
  path: Assets/Player/Female_Assassin.fbx
  artifactKey: Guid(d28fb663c6c4acb47aa8d085a4f1d190) Importer(815301076,1909f56bfc062723c751e8b465ee728b)
Start importing Assets/Player/Female_Assassin.fbx using Guid(d28fb663c6c4acb47aa8d085a4f1d190) Importer(815301076,1909f56bfc062723c751e8b465ee728b)  -> (artifact id: '6b3d2769d6452250b92486a53221d120') in 0.135414 seconds 
========================================================================
Received Import Request.
  Time since last request: 80.690646 seconds.
  path: Assets/Player/Materials/PlayerMatShader.shadergraph
  artifactKey: Guid(4f9bfba8173e48d4f829b9e9ee7c77ec) Importer(815301076,1909f56bfc062723c751e8b465ee728b)
Start importing Assets/Player/Materials/PlayerMatShader.shadergraph using Guid(4f9bfba8173e48d4f829b9e9ee7c77ec) Importer(815301076,1909f56bfc062723c751e8b465ee728b)  -> (artifact id: 'f7c05b0598c991e430f0e8d71e08addf') in 0.020777 seconds 
========================================================================
Received Import Request.
  Time since last request: 15.347943 seconds.
  path: Assets/Player/Materials/PlayerMatShader.shadergraph
  artifactKey: Guid(4f9bfba8173e48d4f829b9e9ee7c77ec) Importer(815301076,1909f56bfc062723c751e8b465ee728b)
Start importing Assets/Player/Materials/PlayerMatShader.shadergraph using Guid(4f9bfba8173e48d4f829b9e9ee7c77ec) Importer(815301076,1909f56bfc062723c751e8b465ee728b)  -> (artifact id: '73ca28b096bcd499d37a818793dbe08c') in 0.021925 seconds 
========================================================================
Received Import Request.
  Time since last request: 90.568431 seconds.
  path: Assets/Player/Materials/PlayerMatShader.shadergraph
  artifactKey: Guid(4f9bfba8173e48d4f829b9e9ee7c77ec) Importer(815301076,1909f56bfc062723c751e8b465ee728b)
Start importing Assets/Player/Materials/PlayerMatShader.shadergraph using Guid(4f9bfba8173e48d4f829b9e9ee7c77ec) Importer(815301076,1909f56bfc062723c751e8b465ee728b)  -> (artifact id: 'dc1656dee9193a8556e497a58615a69b') in 0.021261 seconds 
========================================================================
Received Import Request.
  Time since last request: 71.151182 seconds.
  path: Assets/Player/Materials/PlayerMatShader.shadergraph
  artifactKey: Guid(4f9bfba8173e48d4f829b9e9ee7c77ec) Importer(815301076,1909f56bfc062723c751e8b465ee728b)
Start importing Assets/Player/Materials/PlayerMatShader.shadergraph using Guid(4f9bfba8173e48d4f829b9e9ee7c77ec) Importer(815301076,1909f56bfc062723c751e8b465ee728b)  -> (artifact id: 'ad9118602f342b184cd39079e1a3e001') in 0.021217 seconds 
========================================================================
Received Import Request.
  Time since last request: 8.617743 seconds.
  path: Assets/Player/Materials/Eyelashes.mat
  artifactKey: Guid(3a1df58fc7b00ef43a0e93d2d784a90d) Importer(815301076,1909f56bfc062723c751e8b465ee728b)
Start importing Assets/Player/Materials/Eyelashes.mat using Guid(3a1df58fc7b00ef43a0e93d2d784a90d) Importer(815301076,1909f56bfc062723c751e8b465ee728b)  -> (artifact id: '9f3e65a310942914bde42f1af47fa81e') in 0.049667 seconds 
========================================================================
Received Import Request.
  Time since last request: 0.000212 seconds.
  path: Assets/Player/Materials/Player-Body.mat
  artifactKey: Guid(535b4d547a087bd42b29b09a5e527dfe) Importer(815301076,1909f56bfc062723c751e8b465ee728b)
Start importing Assets/Player/Materials/Player-Body.mat using Guid(535b4d547a087bd42b29b09a5e527dfe) Importer(815301076,1909f56bfc062723c751e8b465ee728b)  -> (artifact id: '717885fb8392fea31a775eb19f450630') in 0.097259 seconds 
========================================================================
Received Import Request.
  Time since last request: 0.000225 seconds.
  path: Assets/Player/Materials/Player-FaceAndAcessossireis.mat
  artifactKey: Guid(3b34c50103d1a1242bdb36369f8f8c40) Importer(815301076,1909f56bfc062723c751e8b465ee728b)
Start importing Assets/Player/Materials/Player-FaceAndAcessossireis.mat using Guid(3b34c50103d1a1242bdb36369f8f8c40) Importer(815301076,1909f56bfc062723c751e8b465ee728b)  -> (artifact id: '5811e09dfe0c850184ad2fcaa993cf53') in 0.086725 seconds 
========================================================================
Received Import Request.
  Time since last request: 8.978994 seconds.
  path: Assets/Player/Materials/PlayerMatShader.shadergraph
  artifactKey: Guid(4f9bfba8173e48d4f829b9e9ee7c77ec) Importer(815301076,1909f56bfc062723c751e8b465ee728b)
Start importing Assets/Player/Materials/PlayerMatShader.shadergraph using Guid(4f9bfba8173e48d4f829b9e9ee7c77ec) Importer(815301076,1909f56bfc062723c751e8b465ee728b)  -> (artifact id: 'b36e2b74bdd082f639ea1a4e1b40577d') in 0.020783 seconds 
========================================================================
Received Import Request.
  Time since last request: 70.290839 seconds.
  path: Assets/Player/Materials/Player-Body.mat
  artifactKey: Guid(535b4d547a087bd42b29b09a5e527dfe) Importer(815301076,1909f56bfc062723c751e8b465ee728b)
Start importing Assets/Player/Materials/Player-Body.mat using Guid(535b4d547a087bd42b29b09a5e527dfe) Importer(815301076,1909f56bfc062723c751e8b465ee728b)  -> (artifact id: 'a7321d00f5ef0061f776360a58f3cd1a') in 0.074704 seconds 
========================================================================
Received Import Request.
  Time since last request: 0.000222 seconds.
  path: Assets/Player/Materials/Player-FaceAndAcessossireis.mat
  artifactKey: Guid(3b34c50103d1a1242bdb36369f8f8c40) Importer(815301076,1909f56bfc062723c751e8b465ee728b)
Start importing Assets/Player/Materials/Player-FaceAndAcessossireis.mat using Guid(3b34c50103d1a1242bdb36369f8f8c40) Importer(815301076,1909f56bfc062723c751e8b465ee728b)  -> (artifact id: '51b34d07e76181e18bf7551452cdb3a5') in 0.085523 seconds 
========================================================================
Received Import Request.
  Time since last request: 54.371496 seconds.
  path: Assets/Player/Materials/PlayerMatShader.shadergraph
  artifactKey: Guid(4f9bfba8173e48d4f829b9e9ee7c77ec) Importer(815301076,1909f56bfc062723c751e8b465ee728b)
Start importing Assets/Player/Materials/PlayerMatShader.shadergraph using Guid(4f9bfba8173e48d4f829b9e9ee7c77ec) Importer(815301076,1909f56bfc062723c751e8b465ee728b)  -> (artifact id: '33bb44d6eee242c88692efd501d7a817') in 0.023259 seconds 
========================================================================
Received Import Request.
  Time since last request: 43.823549 seconds.
  path: Assets/Player/Materials/PlayerMatShader.shadergraph
  artifactKey: Guid(4f9bfba8173e48d4f829b9e9ee7c77ec) Importer(815301076,1909f56bfc062723c751e8b465ee728b)
Start importing Assets/Player/Materials/PlayerMatShader.shadergraph using Guid(4f9bfba8173e48d4f829b9e9ee7c77ec) Importer(815301076,1909f56bfc062723c751e8b465ee728b)  -> (artifact id: '8aeeec01dab9a12d1409c1e8add6b402') in 0.022019 seconds 
